[debug] [2023-08-09T23:04:41.783Z] ----------------------------------------------------------------------
[debug] [2023-08-09T23:04:41.785Z] Command:       d:\node js\node.exe C:\Users\Agus\AppData\Roaming\npm\node_modules\firebase-tools\lib\bin\firebase.js init
[debug] [2023-08-09T23:04:41.786Z] CLI Version:   12.0.0
[debug] [2023-08-09T23:04:41.787Z] Platform:      win32
[debug] [2023-08-09T23:04:41.787Z] Node Version:  v18.14.0
[debug] [2023-08-09T23:04:41.788Z] Time:          Wed Aug 09 2023 20:04:41 GMT-0300 (hora estándar de Argentina)
[debug] [2023-08-09T23:04:41.788Z] ----------------------------------------------------------------------
[debug] 
[debug] [2023-08-09T23:04:41.793Z] >>> [apiv2][query] GET https://firebase-public.firebaseio.com/cli.json [none]
[debug] [2023-08-09T23:04:41.994Z] > command requires scopes: ["email","openid","https://www.googleapis.com/auth/cloudplatformprojects.readonly","https://www.googleapis.com/auth/firebase","https://www.googleapis.com/auth/cloud-platform"]
[debug] [2023-08-09T23:04:41.995Z] > authorizing via signed-in user (agusdalzotto@gmail.com)
[info] 
     ######## #### ########  ######## ########     ###     ######  ########
     ##        ##  ##     ## ##       ##     ##  ##   ##  ##       ##
     ######    ##  ########  ######   ########  #########  ######  ######
     ##        ##  ##    ##  ##       ##     ## ##     ##       ## ##
     ##       #### ##     ## ######## ########  ##     ##  ######  ########

You're about to initialize a Firebase project in this directory:

  D:\PROYECTO PAG WEB\repositorios\front-end

Before we get started, keep in mind:

  * You are initializing within an existing Firebase project directory

[debug] [2023-08-09T23:04:42.443Z] <<< [apiv2][status] GET https://firebase-public.firebaseio.com/cli.json 200
[debug] [2023-08-09T23:04:42.444Z] <<< [apiv2][body] GET https://firebase-public.firebaseio.com/cli.json {"cloudBuildErrorAfter":1594252800000,"cloudBuildWarnAfter":1590019200000,"defaultNode10After":1594252800000,"minVersion":"3.0.5","node8DeploysDisabledAfter":1613390400000,"node8RuntimeDisabledAfter":1615809600000,"node8WarnAfter":1600128000000}
[info] 
=== Project Setup
[info] 
[info] First, let's associate this project directory with a Firebase project.
[info] You can create multiple project aliases by running firebase use --add, 
[info] but for now we'll just set up a default project.
[info] 
[debug] [2023-08-09T23:05:19.758Z] Using project from CLI flag: frontendarg-1de98
[debug] [2023-08-09T23:05:19.761Z] > refreshing access token with scopes: []
[debug] [2023-08-09T23:05:19.763Z] >>> [apiv2][query] POST https://www.googleapis.com/oauth2/v3/token [none]
[debug] [2023-08-09T23:05:19.763Z] >>> [apiv2][body] POST https://www.googleapis.com/oauth2/v3/token [omitted]
[debug] [2023-08-09T23:05:19.922Z] <<< [apiv2][status] POST https://www.googleapis.com/oauth2/v3/token 200
[debug] [2023-08-09T23:05:19.922Z] <<< [apiv2][body] POST https://www.googleapis.com/oauth2/v3/token [omitted]
[debug] [2023-08-09T23:05:19.947Z] >>> [apiv2][query] GET https://firebase.googleapis.com/v1beta1/projects/frontendarg-1de98 [none]
[debug] [2023-08-09T23:05:20.355Z] <<< [apiv2][status] GET https://firebase.googleapis.com/v1beta1/projects/frontendarg-1de98 200
[debug] [2023-08-09T23:05:20.355Z] <<< [apiv2][body] GET https://firebase.googleapis.com/v1beta1/projects/frontendarg-1de98 {"projectId":"frontendarg-1de98","projectNumber":"201578886348","displayName":"frontEndArg","name":"projects/frontendarg-1de98","resources":{"hostingSite":"frontendarg-1de98"},"state":"ACTIVE","etag":"1_dbbcf4a8-c6e5-4790-9959-646cec0d054c"}
[info] i  Using project frontendarg-1de98 (frontEndArg) 
[info] 
=== Hosting Setup
[info] 
[info] Your public directory is the folder (relative to your project directory) that
[info] will contain Hosting assets to be uploaded with firebase deploy. If you
[info] have a build process for your assets, use your build's output directory.
[info] 
